(---------------------------------------------------------------------)
(                                                                     )
(    Unplaced Symbol Availability Check                               )
(                                                                     )
(    Drawing          : PRISON_GOD_SCH_V200.brd                       )
(    Software Version : 17.2S004                                      )
(    Date/Time        : Fri Dec 30 19:00:36 2016                      )
(                                                                     )
(---------------------------------------------------------------------)


Current PSMPATH consists of:
	.
	symbols
	..
	../symbols
	C:/Cadence/Cadence_SPB_17.2-2016/share/local/pcb/symbols
	C:/Cadence/Cadence_SPB_17.2-2016/share/pcb/pcb_lib/symbols
	C:/Cadence/Cadence_SPB_17.2-2016/share/pcb/allegrolib/symbols
	C:/Ninfeion_Git/BBSolarController/pcb/cadence/board/libs/
	C:/Ninfeion_Git/BBPrisonGod/hardware/pcb/allegro/libs


All Symbols Found

Total symbols placed:      95 out of 95


